<?xml version="1.0" encoding="UTF-8"?>
<!-- Generated by org.testng.reporters.JUnitReportReporter -->
<testsuite skipped="0" hostname="LAPTOP-CJOPH0H2" name="com.obsquara.testScripts.RadioButtonDemoTest" tests="1" failures="0" timestamp="2022-12-07T12:43:26 IST" time="6.708" errors="0">
  <testcase name="verifyRadioButtonDemoWithNoSelectedField" time="6.708" classname="com.obsquara.testScripts.RadioButtonDemoTest"/>
  <system-out/>
</testsuite> <!-- com.obsquara.testScripts.RadioButtonDemoTest -->
