<?xml version="1.0" encoding="UTF-8"?>
<!-- Generated by org.testng.reporters.JUnitReportReporter -->
<testsuite skipped="0" hostname="LAPTOP-CJOPH0H2" name="com.obsquara.testScripts.CheckBoxDemoTest" tests="1" failures="0" timestamp="2022-12-07T12:01:17 IST" time="5.881" errors="0">
  <testcase name="clickOnThisCheckBoxField" time="5.881" classname="com.obsquara.testScripts.CheckBoxDemoTest"/>
  <system-out/>
</testsuite> <!-- com.obsquara.testScripts.CheckBoxDemoTest -->
