<?xml version="1.0" encoding="UTF-8"?>
<!-- Generated by org.testng.reporters.JUnitReportReporter -->
<testsuite skipped="0" hostname="LAPTOP-CJOPH0H2" name="com.obsquara.testScripts.SimpleFormDemoTest" tests="1" failures="0" timestamp="2022-12-06T23:06:26 IST" time="8.154" errors="0">
  <testcase name="enterMsgandVerifySingleInpuyField" time="8.154" classname="com.obsquara.testScripts.SimpleFormDemoTest"/>
  <system-out/>
</testsuite> <!-- com.obsquara.testScripts.SimpleFormDemoTest -->
