<?xml version="1.0" encoding="UTF-8"?>
<!-- Generated by org.testng.reporters.JUnitReportReporter -->
<testsuite skipped="0" hostname="LAPTOP-CJOPH0H2" name="com.obsquara.testscript.QuickEmailTest" tests="4" failures="0" timestamp="2023-02-01T18:59:04 IST" time="49.719" errors="0">
  <testcase name="verifyQuickEmailWithoutEmail" time="13.823" classname="com.obsquara.testscript.QuickEmailTest"/>
  <system-out/>
  <testcase name="verifyQuickEmailWithoutMessage" time="12.306" classname="com.obsquara.testscript.QuickEmailTest"/>
  <system-out/>
  <testcase name="verifyQuickEmail" time="12.082" classname="com.obsquara.testscript.QuickEmailTest"/>
  <system-out/>
  <testcase name="verifyQuickEmailWithoutSubject" time="11.508" classname="com.obsquara.testscript.QuickEmailTest"/>
  <system-out/>
</testsuite> <!-- com.obsquara.testscript.QuickEmailTest -->
