<?xml version="1.0" encoding="UTF-8"?>
<!-- Generated by org.testng.reporters.JUnitReportReporter -->
<testsuite skipped="0" hostname="LAPTOP-CJOPH0H2" name="com.obsquara.testscript.LoginTest" tests="5" failures="0" timestamp="2023-02-01T18:59:04 IST" time="59.018" errors="0">
  <testcase name="verifyForgotPasswordUsingIncorrectMailid" time="12.179" classname="com.obsquara.testscript.LoginTest"/>
  <system-out/>
  <testcase name="verifyBackToLoginINForgotPassword" time="9.992" classname="com.obsquara.testscript.LoginTest"/>
  <system-out/>
  <testcase name="verifyLoginUsingIncorrectPassword" time="11.660" classname="com.obsquara.testscript.LoginTest"/>
  <system-out/>
  <testcase name="verifyLoginUsingCorrectUsernameAndPass" time="12.557" classname="com.obsquara.testscript.LoginTest"/>
  <system-out/>
  <testcase name="verifyLoginUsingCorrectUsernameAndPassword" time="12.630" classname="com.obsquara.testscript.LoginTest"/>
  <system-out/>
</testsuite> <!-- com.obsquara.testscript.LoginTest -->
