<?xml version="1.0" encoding="UTF-8"?>
<!-- Generated by org.testng.reporters.JUnitReportReporter -->
<testsuite skipped="0" hostname="LAPTOP-CJOPH0H2" name="com.obsquara.testscript.QuickSMSTest" tests="3" failures="0" timestamp="2023-02-01T18:59:04 IST" time="38.247" errors="0">
  <testcase name="verifyQuickSMSFieldWithOutSMS" time="12.827" classname="com.obsquara.testscript.QuickSMSTest"/>
  <system-out/>
  <testcase name="verifyQuickSMSFieldWithOutSMSUsingFaker" time="14.219" classname="com.obsquara.testscript.QuickSMSTest"/>
  <system-out/>
  <testcase name="verifyQuickSMSField" time="11.201" classname="com.obsquara.testscript.QuickSMSTest"/>
  <system-out/>
</testsuite> <!-- com.obsquara.testscript.QuickSMSTest -->
