<?xml version="1.0" encoding="UTF-8"?>
<!-- Generated by org.testng.reporters.JUnitReportReporter -->
<testsuite skipped="0" hostname="LAPTOP-CJOPH0H2" name="com.obsquara.testscript.ClientTest" tests="1" failures="0" timestamp="2023-01-13T15:47:56 IST" time="25.175" errors="0">
  <testcase name="verifyChangeColumnField" time="25.175" classname="com.obsquara.testscript.ClientTest"/>
  <system-out/>
</testsuite> <!-- com.obsquara.testscript.ClientTest -->
