<?xml version="1.0" encoding="UTF-8"?>
<!-- Generated by org.testng.reporters.JUnitReportReporter -->
<testsuite skipped="0" hostname="LAPTOP-CJOPH0H2" name="com.obsquara.testscript.HomeTest" tests="1" failures="0" timestamp="2023-02-06T21:00:45 IST" time="12.629" errors="0">
  <testcase name="verifyQuickSmsFieldIsBelowQuickEmail" time="12.629" classname="com.obsquara.testscript.HomeTest"/>
  <system-out/>
</testsuite> <!-- com.obsquara.testscript.HomeTest -->
