<?xml version="1.0" encoding="UTF-8"?>
<!-- Generated by org.testng.reporters.JUnitReportReporter -->
<testsuite skipped="0" hostname="LAPTOP-CJOPH0H2" name="com.obsquara.TestNGSample.AnnotationSample" tests="1" failures="0" timestamp="2022-11-20T14:14:25 IST" time="0.010" errors="0">
  <testcase name="test" time="0.010" classname="com.obsquara.TestNGSample.AnnotationSample"/>
  <system-out/>
</testsuite> <!-- com.obsquara.TestNGSample.AnnotationSample -->
