<?xml version="1.0" encoding="UTF-8"?>
<!-- Generated by org.testng.reporters.JUnitReportReporter -->
<testsuite skipped="0" hostname="LAPTOP-CJOPH0H2" name="com.obsquara.TestNGSample.BasicCommandsOB" tests="2" failures="0" timestamp="2022-11-21T16:40:01 IST" time="12.391" errors="0">
  <testcase name="twoInputField" time="6.924" classname="com.obsquara.TestNGSample.BasicCommandsOB"/>
  <system-out/>
  <testcase name="singleInputVerification" time="5.467" classname="com.obsquara.TestNGSample.BasicCommandsOB"/>
  <system-out/>
</testsuite> <!-- com.obsquara.TestNGSample.BasicCommandsOB -->
